Using pre-set license
Built from '2021.1/staging' branch; Version is '2021.1.18f1 (25bdc3efbc2d) revision 2473411'; Using compiler version '192528614'; Build Type 'Release'
OS: 'Windows 10 Education; OS build 19042.1415; Version 2009; 64bit' Language: 'en' Physical Memory: 8024 MB
BatchMode: 1, IsHumanControllingUs: 0, StartBugReporterOnCrash: 0, Is64bit: 1, IsPro: 0

COMMAND LINE ARGUMENTS:
C:\Program Files\Unity\Hub\Editor\2021.1.18f1\Editor\Unity.exe
-adb2
-batchMode
-noUpm
-name
AssetImportWorker2
-projectPath
C:/temp/pirates-1
-logFile
Logs/AssetImportWorker2.log
-srvPort
51154
Successfully changed project path to: C:/temp/pirates-1
C:/temp/pirates-1
Using Asset Import Pipeline V2.
Refreshing native plugins compatible for Editor in 154.16 ms, found 3 plugins.
Preloading 0 native plugins for Editor in 0.00 ms.
Initialize engine version: 2021.1.18f1 (25bdc3efbc2d)
[Subsystems] Discovering subsystems at path C:/Program Files/Unity/Hub/Editor/2021.1.18f1/Editor/Data/Resources/UnitySubsystems
[Subsystems] Discovering subsystems at path C:/temp/pirates-1/Assets
GfxDevice: creating device client; threaded=0; jobified=0
Direct3D:
    Version:  Direct3D 11.0 [level 11.1]
    Renderer: Intel(R) UHD Graphics 630 (ID=0x3e91)
    Vendor:   Intel
    VRAM:     4012 MB
    Driver:   27.20.100.9415
Initialize mono
Mono path[0] = 'C:/Program Files/Unity/Hub/Editor/2021.1.18f1/Editor/Data/Managed'
Mono path[1] = 'C:/Program Files/Unity/Hub/Editor/2021.1.18f1/Editor/Data/MonoBleedingEdge/lib/mono/unityjit'
Mono config path = 'C:/Program Files/Unity/Hub/Editor/2021.1.18f1/Editor/Data/MonoBleedingEdge/etc'
Using monoOptions --debugger-agent=transport=dt_socket,embedding=1,server=y,suspend=n,address=127.0.0.1:56132
Begin MonoManager ReloadAssembly
Registering precompiled unity dll's ...
Register platform support module: C:/Program Files/Unity/Hub/Editor/2021.1.18f1/Editor/Data/PlaybackEngines/WindowsStandaloneSupport/UnityEditor.WindowsStandalone.Extensions.dll
Registered in 0.002152 seconds.
Native extension for WindowsStandalone target not found
Refreshing native plugins compatible for Editor in 461.12 ms, found 3 plugins.
Preloading 0 native plugins for Editor in 0.00 ms.
Mono: successfully reloaded assembly
- Completed reload, in  3.915 seconds
Domain Reload Profiling:
	ReloadAssembly (3918ms)
		BeginReloadAssembly (74ms)
			ExecutionOrderSort (0ms)
			DisableScriptedObjects (0ms)
			BackupInstance (0ms)
			ReleaseScriptingObjects (0ms)
			CreateAndSetChildDomain (1ms)
		EndReloadAssembly (1905ms)
			LoadAssemblies (73ms)
			RebuildTransferFunctionScriptingTraits (0ms)
			SetupTypeCache (611ms)
			ReleaseScriptCaches (0ms)
			RebuildScriptCaches (114ms)
			SetupLoadedEditorAssemblies (966ms)
				LogAssemblyErrors (0ms)
				InitializePlatformSupportModulesInManaged (17ms)
				SetLoadedEditorAssemblies (0ms)
				RefreshPlugins (461ms)
				BeforeProcessingInitializeOnLoad (10ms)
				ProcessInitializeOnLoadAttributes (374ms)
				ProcessInitializeOnLoadMethodAttributes (103ms)
				AfterProcessingInitializeOnLoad (0ms)
				EditorAssembliesLoaded (0ms)
			ExecutionOrderSort2 (0ms)
			AwakeInstancesAfterBackupRestoration (0ms)
Platform modules already initialized, skipping
Registering precompiled user dll's ...
Registered in 0.019030 seconds.
Begin MonoManager ReloadAssembly
Symbol file LoadedFromMemory doesn't match image C:\temp\pirates-1\Library\PackageCache\com.unity.visualscripting@1.6.1\Editor\VisualScripting.Core\Dependencies\YamlDotNet\Unity.VisualScripting.YamlDotNet.dll
Symbol file LoadedFromMemory doesn't match image C:\temp\pirates-1\Library\PackageCache\com.unity.visualscripting@1.6.1\Editor\VisualScripting.Core\Dependencies\DotNetZip\Unity.VisualScripting.IonicZip.dll
Native extension for WindowsStandalone target not found
Refreshing native plugins compatible for Editor in 157.69 ms, found 3 plugins.
Preloading 0 native plugins for Editor in 0.00 ms.
Mono: successfully reloaded assembly
- Completed reload, in  4.935 seconds
Domain Reload Profiling:
	ReloadAssembly (4937ms)
		BeginReloadAssembly (584ms)
			ExecutionOrderSort (0ms)
			DisableScriptedObjects (10ms)
			BackupInstance (0ms)
			ReleaseScriptingObjects (1ms)
			CreateAndSetChildDomain (78ms)
		EndReloadAssembly (4150ms)
			LoadAssemblies (1263ms)
			RebuildTransferFunctionScriptingTraits (0ms)
			SetupTypeCache (1297ms)
			ReleaseScriptCaches (1ms)
			RebuildScriptCaches (103ms)
			SetupLoadedEditorAssemblies (1483ms)
				LogAssemblyErrors (0ms)
				InitializePlatformSupportModulesInManaged (4ms)
				SetLoadedEditorAssemblies (0ms)
				RefreshPlugins (158ms)
				BeforeProcessingInitializeOnLoad (130ms)
				ProcessInitializeOnLoadAttributes (1151ms)
				ProcessInitializeOnLoadMethodAttributes (33ms)
				AfterProcessingInitializeOnLoad (7ms)
				EditorAssembliesLoaded (0ms)
			ExecutionOrderSort2 (0ms)
			AwakeInstancesAfterBackupRestoration (25ms)
Platform modules already initialized, skipping
========================================================================
Worker process is ready to serve import requests
Launched and connected shader compiler UnityShaderCompiler.exe after 0.23 seconds
Refreshing native plugins compatible for Editor in 3.22 ms, found 3 plugins.
Preloading 0 native plugins for Editor in 0.00 ms.
Unloading 5079 Unused Serialized files (Serialized files now loaded: 0)
System memory in use before: 210.8 MB.
System memory in use after: 211.2 MB.

Unloading 24 unused Assets to reduce memory usage. Loaded Objects now: 5546.
Total: 12.409500 ms (FindLiveObjects: 1.847300 ms CreateObjectMapping: 1.034700 ms MarkObjects: 9.156500 ms  DeleteObjects: 0.362300 ms)

AssetImportParameters requested are different than current active one (requested -> active):
  custom:framework-win-MediaFoundation: 216162199b28c13a410421893ffa2e32 -> 
  custom:video-decoder-ogg-theora: a1e56fd34408186e4bbccfd4996cb3dc -> 
  custom:container-muxer-webm: aa71ff27fc2769a1b78a27578f13a17b -> 
  custom:container-demuxer-webm: 4f35f7cbe854078d1ac9338744f61a02 -> 
  custom:container-demuxer-ogg: 62fdf1f143b41e24485cea50d1cbac27 -> 
  custom:video-encoder-webm-vp8: eb34c28f22e8b96e1ab97ce403110664 -> 
  custom:video-decoder-webm-vp8: 9c59270c3fd7afecdb556c50c9e8de78 -> 
  custom:audio-decoder-ogg-vorbis: bf7c407c2cedff20999df2af8eb42d56 -> 
  custom:audio-encoder-webm-vorbis: bf7c407c2cedff20999df2af8eb42d56 -> 
========================================================================
Received Import Request.
  path: Assets/environment/Materials/claer.mat
  artifactKey: Guid(2bfe46acd3cd00048915a194d661d5e3) Importer(815301076,1909f56bfc062723c751e8b465ee728b)
Start importing Assets/environment/Materials/claer.mat using Guid(2bfe46acd3cd00048915a194d661d5e3) Importer(815301076,1909f56bfc062723c751e8b465ee728b)  -> (artifact id: '86e2b8bde18141c2c4809c3453382f35') in 0.488151 seconds 
========================================================================
Received Import Request.
  Time since last request: 132.330715 seconds.
  path: Assets/particle/fire.vfx
  artifactKey: Guid(7954d621c9281c54087fcddddf136ee6) Importer(815301076,1909f56bfc062723c751e8b465ee728b)
Start importing Assets/particle/fire.vfx using Guid(7954d621c9281c54087fcddddf136ee6) Importer(815301076,1909f56bfc062723c751e8b465ee728b)  -> (artifact id: '20ef27a2f9e972f31a029ca7a9ce8916') in 0.137200 seconds 
========================================================================
Received Import Request.
  Time since last request: 0.939653 seconds.
  path: Assets/player/pirateboy anim run start and running.fbx
  artifactKey: Guid(59f1a810c1c3bcb41b8423bf6e4e4582) Importer(815301076,1909f56bfc062723c751e8b465ee728b)
Start importing Assets/player/pirateboy anim run start and running.fbx using Guid(59f1a810c1c3bcb41b8423bf6e4e4582) Importer(815301076,1909f56bfc062723c751e8b465ee728b)  -> (artifact id: '824ef214667e547bd2aa348f09386195') in 1.422185 seconds 
========================================================================
Received Import Request.
  Time since last request: 0.000340 seconds.
  path: Assets/prefab/enemy.prefab
  artifactKey: Guid(66653e4f5bb0c9943a03d6d7f5f8565d) Importer(815301076,1909f56bfc062723c751e8b465ee728b)
Start importing Assets/prefab/enemy.prefab using Guid(66653e4f5bb0c9943a03d6d7f5f8565d) Importer(815301076,1909f56bfc062723c751e8b465ee728b)  -> (artifact id: '56066898d462fb9ed6c719a68d111ffa') in 0.420923 seconds 
========================================================================
Received Import Request.
  Time since last request: 1.218041 seconds.
  path: Assets/NPC/tavern man.fbx
  artifactKey: Guid(6d4853e749d58a441a96184ad9a9f394) Importer(815301076,1909f56bfc062723c751e8b465ee728b)
Start importing Assets/NPC/tavern man.fbx using Guid(6d4853e749d58a441a96184ad9a9f394) Importer(815301076,1909f56bfc062723c751e8b465ee728b)  -> (artifact id: 'a0f048f8114876b2ec7e673c44467d43') in 1.634022 seconds 
========================================================================
Received Import Request.
  Time since last request: 4.186774 seconds.
  path: Assets/IL3DN/Graphics/Meshes/IL3DN_Collider.FBX
  artifactKey: Guid(af946611046df2249a895600d987feb0) Importer(815301076,1909f56bfc062723c751e8b465ee728b)
Start importing Assets/IL3DN/Graphics/Meshes/IL3DN_Collider.FBX using Guid(af946611046df2249a895600d987feb0) Importer(815301076,1909f56bfc062723c751e8b465ee728b)  -> (artifact id: 'fde698d267308693a0b2f9ecb9422a90') in 0.217338 seconds 
========================================================================
Received Import Request.
  Time since last request: 0.000287 seconds.
  path: Assets/IL3DN/Graphics/Meshes/IL3DN_GroundPatch.FBX
  artifactKey: Guid(0da06f2ff0ecf1041ab9326237b87a16) Importer(815301076,1909f56bfc062723c751e8b465ee728b)
Start importing Assets/IL3DN/Graphics/Meshes/IL3DN_GroundPatch.FBX using Guid(0da06f2ff0ecf1041ab9326237b87a16) Importer(815301076,1909f56bfc062723c751e8b465ee728b)  -> (artifact id: '80ec317ab72ef303d2c268910549042c') in 0.143920 seconds 
========================================================================
Received Import Request.
  Time since last request: 1.542737 seconds.
  path: Assets/player/clothes/pirates outfits.fbx
  artifactKey: Guid(a2a6cd11777e885439f7ec690432786f) Importer(815301076,1909f56bfc062723c751e8b465ee728b)
Start importing Assets/player/clothes/pirates outfits.fbx using Guid(a2a6cd11777e885439f7ec690432786f) Importer(815301076,1909f56bfc062723c751e8b465ee728b)  -> (artifact id: '3eb35febd1db96fed29576ad52ac062e') in 0.440360 seconds 
========================================================================
Received Import Request.
  Time since last request: 0.000885 seconds.
  path: Assets/weapons/swordhilt.fbx
  artifactKey: Guid(4b79710b97aa096459921065653ba95a) Importer(815301076,1909f56bfc062723c751e8b465ee728b)
Start importing Assets/weapons/swordhilt.fbx using Guid(4b79710b97aa096459921065653ba95a) Importer(815301076,1909f56bfc062723c751e8b465ee728b)  -> (artifact id: 'b8cda90ea80766bcdb76c9a71be062f2') in 0.190035 seconds 
========================================================================
Received Import Request.
  Time since last request: 0.389437 seconds.
  path: Assets/player/clothes/pirates outfits coat 2.fbx
  artifactKey: Guid(48649e43964988546a3ea7af83b06bd7) Importer(815301076,1909f56bfc062723c751e8b465ee728b)
Start importing Assets/player/clothes/pirates outfits coat 2.fbx using Guid(48649e43964988546a3ea7af83b06bd7) Importer(815301076,1909f56bfc062723c751e8b465ee728b)  -> (artifact id: 'c7afe5ee0c4df47ef62d380ae73632c4') in 0.278385 seconds 
========================================================================
Received Import Request.
  Time since last request: 0.380243 seconds.
  path: Assets/IL3DN/Graphics/Materials/IL3DN_Sky_Procedural.mat
  artifactKey: Guid(221f9488657b1f1498bb5860cf4c5ff3) Importer(815301076,1909f56bfc062723c751e8b465ee728b)
Start importing Assets/IL3DN/Graphics/Materials/IL3DN_Sky_Procedural.mat using Guid(221f9488657b1f1498bb5860cf4c5ff3) Importer(815301076,1909f56bfc062723c751e8b465ee728b)  -> (artifact id: '9b562d4b8f25fb626849c3a1a75a5753') in 0.454102 seconds 
========================================================================
Received Import Request.
  Time since last request: 0.000376 seconds.
  path: Assets/TextMesh Pro/Resources/Fonts & Materials/LiberationSans SDF - Outline.mat
  artifactKey: Guid(79459efec17a4d00a321bdcc27bbc385) Importer(815301076,1909f56bfc062723c751e8b465ee728b)
Start importing Assets/TextMesh Pro/Resources/Fonts & Materials/LiberationSans SDF - Outline.mat using Guid(79459efec17a4d00a321bdcc27bbc385) Importer(815301076,1909f56bfc062723c751e8b465ee728b)  -> (artifact id: '289988fcecf3b00d1602f8d2b589f7dd') in 0.255006 seconds 
========================================================================
Received Import Request.
  Time since last request: 0.000711 seconds.
  path: Assets/TextMesh Pro/Resources/Fonts & Materials/LiberationSans SDF - Fallback.asset
  artifactKey: Guid(2e498d1c8094910479dc3e1b768306a4) Importer(815301076,1909f56bfc062723c751e8b465ee728b)
Start importing Assets/TextMesh Pro/Resources/Fonts & Materials/LiberationSans SDF - Fallback.asset using Guid(2e498d1c8094910479dc3e1b768306a4) Importer(815301076,1909f56bfc062723c751e8b465ee728b)  -> (artifact id: 'b8c2210586957436df79bf961aeff06e') in 0.470373 seconds 
========================================================================
Received Import Request.
  Time since last request: 0.000411 seconds.
  path: Assets/environment/prefabs/large rock.fbx
  artifactKey: Guid(6a10ec77d9af2e749bccff2e5145f4c8) Importer(815301076,1909f56bfc062723c751e8b465ee728b)
Start importing Assets/environment/prefabs/large rock.fbx using Guid(6a10ec77d9af2e749bccff2e5145f4c8) Importer(815301076,1909f56bfc062723c751e8b465ee728b)  -> (artifact id: 'db2576bb9502cb890db4eba8e3324ff1') in 0.139531 seconds 
========================================================================
Received Import Request.
  Time since last request: 0.001087 seconds.
  path: Assets/TextMesh Pro/Resources/Fonts & Materials/LiberationSans SDF - Drop Shadow.mat
  artifactKey: Guid(e73a58f6e2794ae7b1b7e50b7fb811b0) Importer(815301076,1909f56bfc062723c751e8b465ee728b)
Start importing Assets/TextMesh Pro/Resources/Fonts & Materials/LiberationSans SDF - Drop Shadow.mat using Guid(e73a58f6e2794ae7b1b7e50b7fb811b0) Importer(815301076,1909f56bfc062723c751e8b465ee728b)  -> (artifact id: 'ca0d2861f60500f05bd29199894f7bb5') in 0.302712 seconds 
========================================================================
Received Import Request.
  Time since last request: 0.000434 seconds.
  path: Assets/environment/prefabs/smallrock.fbx
  artifactKey: Guid(fbccad5f5e973be4eb7a97c468271ee3) Importer(815301076,1909f56bfc062723c751e8b465ee728b)
Start importing Assets/environment/prefabs/smallrock.fbx using Guid(fbccad5f5e973be4eb7a97c468271ee3) Importer(815301076,1909f56bfc062723c751e8b465ee728b)  -> (artifact id: 'f06199251253652912aec33358557576') in 0.182604 seconds 
========================================================================
Received Import Request.
  Time since last request: 0.000970 seconds.
  path: Assets/environment/prefabs/large rockarch.fbx
  artifactKey: Guid(a24ea3732226e5147b7838907599097a) Importer(815301076,1909f56bfc062723c751e8b465ee728b)
Start importing Assets/environment/prefabs/large rockarch.fbx using Guid(a24ea3732226e5147b7838907599097a) Importer(815301076,1909f56bfc062723c751e8b465ee728b)  -> (artifact id: '5f9174e1eac8754fd873ff7aa44b8ef9') in 0.182507 seconds 
========================================================================
Received Import Request.
  Time since last request: 0.000286 seconds.
  path: Assets/TextMesh Pro/Resources/Fonts & Materials/LiberationSans SDF.asset
  artifactKey: Guid(8f586378b4e144a9851e7b34d9b748ee) Importer(815301076,1909f56bfc062723c751e8b465ee728b)
Start importing Assets/TextMesh Pro/Resources/Fonts & Materials/LiberationSans SDF.asset using Guid(8f586378b4e144a9851e7b34d9b748ee) Importer(815301076,1909f56bfc062723c751e8b465ee728b)  -> (artifact id: 'f1280cc7be10b532b2897fc8654f95d3') in 0.155550 seconds 
========================================================================
Received Import Request.
  Time since last request: 0.000365 seconds.
  path: Assets/IL3DN/Graphics/Materials/IL3DN_Tree_Pine_Leaf.mat
  artifactKey: Guid(49a047f6fab4c994cb92aa690ba93401) Importer(815301076,1909f56bfc062723c751e8b465ee728b)
Start importing Assets/IL3DN/Graphics/Materials/IL3DN_Tree_Pine_Leaf.mat using Guid(49a047f6fab4c994cb92aa690ba93401) Importer(815301076,1909f56bfc062723c751e8b465ee728b)  -> (artifact id: 'fd241c0077033120121359cc0b975590') in 0.159124 seconds 
========================================================================
Received Import Request.
  Time since last request: 0.000266 seconds.
  path: Assets/weapons/pirate hook.fbx
  artifactKey: Guid(a68059f735b8f954b8c334c165650d70) Importer(815301076,1909f56bfc062723c751e8b465ee728b)
Start importing Assets/weapons/pirate hook.fbx using Guid(a68059f735b8f954b8c334c165650d70) Importer(815301076,1909f56bfc062723c751e8b465ee728b)  -> (artifact id: '8ffc0e1ff9b79bff4eea0540b38627b2') in 0.092360 seconds 
========================================================================
Received Import Request.
  Time since last request: 0.000754 seconds.
  path: Assets/player/clothes/PIRATES HAT.fbx
  artifactKey: Guid(1f5ce27beda63a94d94737a5a59b6620) Importer(815301076,1909f56bfc062723c751e8b465ee728b)
Start importing Assets/player/clothes/PIRATES HAT.fbx using Guid(1f5ce27beda63a94d94737a5a59b6620) Importer(815301076,1909f56bfc062723c751e8b465ee728b)  -> (artifact id: 'e8ee476593d1cb665909547075f07e6e') in 0.092207 seconds 
========================================================================
Received Import Request.
  Time since last request: 0.000733 seconds.
  path: Assets/environment/prefabs/long rock.fbx
  artifactKey: Guid(8ec7db33b47dbdb4cabb2b50addfdf4b) Importer(815301076,1909f56bfc062723c751e8b465ee728b)
Start importing Assets/environment/prefabs/long rock.fbx using Guid(8ec7db33b47dbdb4cabb2b50addfdf4b) Importer(815301076,1909f56bfc062723c751e8b465ee728b)  -> (artifact id: '84f71f4af4cddbdfe496154a5d1b0dcb') in 0.095417 seconds 
========================================================================
Received Prepare
Registering precompiled user dll's ...
Registered in 0.020546 seconds.
Begin MonoManager ReloadAssembly
Symbol file LoadedFromMemory doesn't match image C:\temp\pirates-1\Library\PackageCache\com.unity.visualscripting@1.6.1\Editor\VisualScripting.Core\Dependencies\YamlDotNet\Unity.VisualScripting.YamlDotNet.dll
Symbol file LoadedFromMemory doesn't match image C:\temp\pirates-1\Library\PackageCache\com.unity.visualscripting@1.6.1\Editor\VisualScripting.Core\Dependencies\DotNetZip\Unity.VisualScripting.IonicZip.dll
Native extension for WindowsStandalone target not found
Refreshing native plugins compatible for Editor in 5.11 ms, found 3 plugins.
Preloading 0 native plugins for Editor in 0.00 ms.
Mono: successfully reloaded assembly
- Completed reload, in  4.664 seconds
Domain Reload Profiling:
	ReloadAssembly (4664ms)
		BeginReloadAssembly (459ms)
			ExecutionOrderSort (0ms)
			DisableScriptedObjects (8ms)
			BackupInstance (0ms)
			ReleaseScriptingObjects (0ms)
			CreateAndSetChildDomain (160ms)
		EndReloadAssembly (4012ms)
			LoadAssemblies (446ms)
			RebuildTransferFunctionScriptingTraits (0ms)
			SetupTypeCache (1511ms)
			ReleaseScriptCaches (18ms)
			RebuildScriptCaches (304ms)
			SetupLoadedEditorAssemblies (1395ms)
				LogAssemblyErrors (0ms)
				InitializePlatformSupportModulesInManaged (15ms)
				SetLoadedEditorAssemblies (2ms)
				RefreshPlugins (5ms)
				BeforeProcessingInitializeOnLoad (244ms)
				ProcessInitializeOnLoadAttributes (1087ms)
				ProcessInitializeOnLoadMethodAttributes (23ms)
				AfterProcessingInitializeOnLoad (16ms)
				EditorAssembliesLoaded (2ms)
			ExecutionOrderSort2 (0ms)
			AwakeInstancesAfterBackupRestoration (43ms)
Platform modules already initialized, skipping
Refreshing native plugins compatible for Editor in 1.51 ms, found 3 plugins.
Preloading 0 native plugins for Editor in 0.00 ms.
Unloading 4966 Unused Serialized files (Serialized files now loaded: 0)
System memory in use before: 220.3 MB.
System memory in use after: 220.8 MB.

Unloading 19 unused Assets to reduce memory usage. Loaded Objects now: 5628.
Total: 8.543100 ms (FindLiveObjects: 0.865700 ms CreateObjectMapping: 2.025100 ms MarkObjects: 5.539300 ms  DeleteObjects: 0.109900 ms)

AssetImportParameters requested are different than current active one (requested -> active):
  custom:framework-win-MediaFoundation: 216162199b28c13a410421893ffa2e32 -> 
  custom:video-decoder-ogg-theora: a1e56fd34408186e4bbccfd4996cb3dc -> 
  custom:container-muxer-webm: aa71ff27fc2769a1b78a27578f13a17b -> 
  custom:container-demuxer-webm: 4f35f7cbe854078d1ac9338744f61a02 -> 
  custom:container-demuxer-ogg: 62fdf1f143b41e24485cea50d1cbac27 -> 
  custom:video-encoder-webm-vp8: eb34c28f22e8b96e1ab97ce403110664 -> 
  custom:video-decoder-webm-vp8: 9c59270c3fd7afecdb556c50c9e8de78 -> 
  custom:audio-decoder-ogg-vorbis: bf7c407c2cedff20999df2af8eb42d56 -> 
  custom:audio-encoder-webm-vorbis: bf7c407c2cedff20999df2af8eb42d56 -> 
========================================================================
Received Import Request.
  Time since last request: 2036.292951 seconds.
  path: Assets/cartoon affects/Cartoon FX/Demo/UI Canvas/CFX3 Demo Logo.png
  artifactKey: Guid(18a39eb748b6d664eb57f4b97b68bef3) Importer(815301076,1909f56bfc062723c751e8b465ee728b)
Start importing Assets/cartoon affects/Cartoon FX/Demo/UI Canvas/CFX3 Demo Logo.png using Guid(18a39eb748b6d664eb57f4b97b68bef3) Importer(815301076,1909f56bfc062723c751e8b465ee728b)  -> (artifact id: 'a0544560a798f4d63d31efbe36c3a171') in 0.093646 seconds 
========================================================================
Received Import Request.
  Time since last request: 0.000294 seconds.
  path: Assets/cartoon affects/Cartoon FX/Demo/UI Canvas/CFXFree Demo Logo.png
  artifactKey: Guid(c474936d3f7aa204d8939cbe05170aa5) Importer(815301076,1909f56bfc062723c751e8b465ee728b)
Start importing Assets/cartoon affects/Cartoon FX/Demo/UI Canvas/CFXFree Demo Logo.png using Guid(c474936d3f7aa204d8939cbe05170aa5) Importer(815301076,1909f56bfc062723c751e8b465ee728b)  -> (artifact id: '2f4a5b9fd1df9f09c9317b4d8e51926b') in 0.117749 seconds 
========================================================================
Received Import Request.
  Time since last request: 0.000337 seconds.
  path: Assets/cartoon affects/Cartoon FX/Demo/UI Canvas/CFX4 Demo Logo.png
  artifactKey: Guid(db8ec42c9f48282458fe93cfc5f48a18) Importer(815301076,1909f56bfc062723c751e8b465ee728b)
Start importing Assets/cartoon affects/Cartoon FX/Demo/UI Canvas/CFX4 Demo Logo.png using Guid(db8ec42c9f48282458fe93cfc5f48a18) Importer(815301076,1909f56bfc062723c751e8b465ee728b)  -> (artifact id: '080b8acdd918e1d2c8b7c3f81139b27b') in 0.064185 seconds 
========================================================================
Received Import Request.
  Time since last request: 0.139983 seconds.
  path: Assets/IL3DN/EditorImages/IL3DN_Logo.png
  artifactKey: Guid(8ce5ab41ecb07b942a1042a85f585feb) Importer(815301076,1909f56bfc062723c751e8b465ee728b)
Start importing Assets/IL3DN/EditorImages/IL3DN_Logo.png using Guid(8ce5ab41ecb07b942a1042a85f585feb) Importer(815301076,1909f56bfc062723c751e8b465ee728b)  -> (artifact id: '02e0d590f5ff885671e6b70d9eb9ec33') in 0.031375 seconds 
========================================================================
Received Import Request.
  Time since last request: 10.247618 seconds.
  path: Assets/UI/pixil-frame-0.png
  artifactKey: Guid(8558a1abdee8e03488dcc2d34668449f) Importer(815301076,1909f56bfc062723c751e8b465ee728b)
Start importing Assets/UI/pixil-frame-0.png using Guid(8558a1abdee8e03488dcc2d34668449f) Importer(815301076,1909f56bfc062723c751e8b465ee728b)  -> (artifact id: 'aa27149ec7e6c02daade4866e9eb4784') in 0.044430 seconds 
========================================================================
Received Prepare
Registering precompiled user dll's ...
Registered in 0.049389 seconds.
Begin MonoManager ReloadAssembly
Symbol file LoadedFromMemory doesn't match image C:\temp\pirates-1\Library\PackageCache\com.unity.visualscripting@1.6.1\Editor\VisualScripting.Core\Dependencies\YamlDotNet\Unity.VisualScripting.YamlDotNet.dll
Symbol file LoadedFromMemory doesn't match image C:\temp\pirates-1\Library\PackageCache\com.unity.visualscripting@1.6.1\Editor\VisualScripting.Core\Dependencies\DotNetZip\Unity.VisualScripting.IonicZip.dll
Native extension for WindowsStandalone target not found
Refreshing native plugins compatible for Editor in 1.33 ms, found 3 plugins.
Preloading 0 native plugins for Editor in 0.00 ms.
Mono: successfully reloaded assembly
- Completed reload, in  1.606 seconds
Domain Reload Profiling:
	ReloadAssembly (1607ms)
		BeginReloadAssembly (158ms)
			ExecutionOrderSort (0ms)
			DisableScriptedObjects (5ms)
			BackupInstance (0ms)
			ReleaseScriptingObjects (0ms)
			CreateAndSetChildDomain (51ms)
		EndReloadAssembly (1376ms)
			LoadAssemblies (122ms)
			RebuildTransferFunctionScriptingTraits (0ms)
			SetupTypeCache (493ms)
			ReleaseScriptCaches (2ms)
			RebuildScriptCaches (88ms)
			SetupLoadedEditorAssemblies (516ms)
				LogAssemblyErrors (0ms)
				InitializePlatformSupportModulesInManaged (7ms)
				SetLoadedEditorAssemblies (1ms)
				RefreshPlugins (1ms)
				BeforeProcessingInitializeOnLoad (112ms)
				ProcessInitializeOnLoadAttributes (377ms)
				ProcessInitializeOnLoadMethodAttributes (8ms)
				AfterProcessingInitializeOnLoad (10ms)
				EditorAssembliesLoaded (0ms)
			ExecutionOrderSort2 (0ms)
			AwakeInstancesAfterBackupRestoration (17ms)
Platform modules already initialized, skipping
Refreshing native plugins compatible for Editor in 1.07 ms, found 3 plugins.
Preloading 0 native plugins for Editor in 0.00 ms.
Unloading 4969 Unused Serialized files (Serialized files now loaded: 0)
System memory in use before: 224.7 MB.
System memory in use after: 225.2 MB.

Unloading 19 unused Assets to reduce memory usage. Loaded Objects now: 5713.
Total: 10.837900 ms (FindLiveObjects: 0.573000 ms CreateObjectMapping: 1.426200 ms MarkObjects: 8.765800 ms  DeleteObjects: 0.070800 ms)

AssetImportParameters requested are different than current active one (requested -> active):
  custom:framework-win-MediaFoundation: 216162199b28c13a410421893ffa2e32 -> 
  custom:video-decoder-ogg-theora: a1e56fd34408186e4bbccfd4996cb3dc -> 
  custom:container-muxer-webm: aa71ff27fc2769a1b78a27578f13a17b -> 
  custom:container-demuxer-webm: 4f35f7cbe854078d1ac9338744f61a02 -> 
  custom:container-demuxer-ogg: 62fdf1f143b41e24485cea50d1cbac27 -> 
  custom:video-encoder-webm-vp8: eb34c28f22e8b96e1ab97ce403110664 -> 
  custom:video-decoder-webm-vp8: 9c59270c3fd7afecdb556c50c9e8de78 -> 
  custom:audio-decoder-ogg-vorbis: bf7c407c2cedff20999df2af8eb42d56 -> 
  custom:audio-encoder-webm-vorbis: bf7c407c2cedff20999df2af8eb42d56 -> 
========================================================================
Received Import Request.
  Time since last request: 4140.326080 seconds.
  path: Assets/scripts/Playercontroller.cs
  artifactKey: Guid(7549c48fe3c133945817fa2840517d8f) Importer(815301076,1909f56bfc062723c751e8b465ee728b)
Start importing Assets/scripts/Playercontroller.cs using Guid(7549c48fe3c133945817fa2840517d8f) Importer(815301076,1909f56bfc062723c751e8b465ee728b)  -> (artifact id: '45989c3575af85d10f4a4adce2983132') in 0.040852 seconds 
========================================================================
Received Prepare
Registering precompiled user dll's ...
Registered in 0.049906 seconds.
Begin MonoManager ReloadAssembly
Symbol file LoadedFromMemory doesn't match image C:\temp\pirates-1\Library\PackageCache\com.unity.visualscripting@1.6.1\Editor\VisualScripting.Core\Dependencies\YamlDotNet\Unity.VisualScripting.YamlDotNet.dll
Symbol file LoadedFromMemory doesn't match image C:\temp\pirates-1\Library\PackageCache\com.unity.visualscripting@1.6.1\Editor\VisualScripting.Core\Dependencies\DotNetZip\Unity.VisualScripting.IonicZip.dll
Native extension for WindowsStandalone target not found
Refreshing native plugins compatible for Editor in 1.01 ms, found 3 plugins.
Preloading 0 native plugins for Editor in 0.00 ms.
Mono: successfully reloaded assembly
- Completed reload, in  1.796 seconds
Domain Reload Profiling:
	ReloadAssembly (1796ms)
		BeginReloadAssembly (228ms)
			ExecutionOrderSort (0ms)
			DisableScriptedObjects (7ms)
			BackupInstance (0ms)
			ReleaseScriptingObjects (0ms)
			CreateAndSetChildDomain (64ms)
		EndReloadAssembly (1487ms)
			LoadAssemblies (276ms)
			RebuildTransferFunctionScriptingTraits (0ms)
			SetupTypeCache (499ms)
			ReleaseScriptCaches (2ms)
			RebuildScriptCaches (100ms)
			SetupLoadedEditorAssemblies (509ms)
				LogAssemblyErrors (0ms)
				InitializePlatformSupportModulesInManaged (5ms)
				SetLoadedEditorAssemblies (1ms)
				RefreshPlugins (1ms)
				BeforeProcessingInitializeOnLoad (103ms)
				ProcessInitializeOnLoadAttributes (385ms)
				ProcessInitializeOnLoadMethodAttributes (7ms)
				AfterProcessingInitializeOnLoad (6ms)
				EditorAssembliesLoaded (0ms)
			ExecutionOrderSort2 (0ms)
			AwakeInstancesAfterBackupRestoration (14ms)
Platform modules already initialized, skipping
Refreshing native plugins compatible for Editor in 1.15 ms, found 3 plugins.
Preloading 0 native plugins for Editor in 0.00 ms.
Unloading 4964 Unused Serialized files (Serialized files now loaded: 0)
System memory in use before: 224.6 MB.
System memory in use after: 225.0 MB.

Unloading 19 unused Assets to reduce memory usage. Loaded Objects now: 5715.
Total: 4.853700 ms (FindLiveObjects: 0.609700 ms CreateObjectMapping: 0.461400 ms MarkObjects: 3.760700 ms  DeleteObjects: 0.020700 ms)

AssetImportParameters requested are different than current active one (requested -> active):
  custom:framework-win-MediaFoundation: 216162199b28c13a410421893ffa2e32 -> 
  custom:video-decoder-ogg-theora: a1e56fd34408186e4bbccfd4996cb3dc -> 
  custom:container-muxer-webm: aa71ff27fc2769a1b78a27578f13a17b -> 
  custom:container-demuxer-webm: 4f35f7cbe854078d1ac9338744f61a02 -> 
  custom:container-demuxer-ogg: 62fdf1f143b41e24485cea50d1cbac27 -> 
  custom:video-encoder-webm-vp8: eb34c28f22e8b96e1ab97ce403110664 -> 
  custom:video-decoder-webm-vp8: 9c59270c3fd7afecdb556c50c9e8de78 -> 
  custom:audio-decoder-ogg-vorbis: bf7c407c2cedff20999df2af8eb42d56 -> 
  custom:audio-encoder-webm-vorbis: bf7c407c2cedff20999df2af8eb42d56 -> 
========================================================================
Received Prepare
Registering precompiled user dll's ...
Registered in 0.007264 seconds.
Begin MonoManager ReloadAssembly
Symbol file LoadedFromMemory doesn't match image C:\temp\pirates-1\Library\PackageCache\com.unity.visualscripting@1.6.1\Editor\VisualScripting.Core\Dependencies\YamlDotNet\Unity.VisualScripting.YamlDotNet.dll
Symbol file LoadedFromMemory doesn't match image C:\temp\pirates-1\Library\PackageCache\com.unity.visualscripting@1.6.1\Editor\VisualScripting.Core\Dependencies\DotNetZip\Unity.VisualScripting.IonicZip.dll
Native extension for WindowsStandalone target not found
Refreshing native plugins compatible for Editor in 1.22 ms, found 3 plugins.
Preloading 0 native plugins for Editor in 0.00 ms.
Mono: successfully reloaded assembly
- Completed reload, in  1.660 seconds
Domain Reload Profiling:
	ReloadAssembly (1660ms)
		BeginReloadAssembly (153ms)
			ExecutionOrderSort (0ms)
			DisableScriptedObjects (8ms)
			BackupInstance (0ms)
			ReleaseScriptingObjects (0ms)
			CreateAndSetChildDomain (49ms)
		EndReloadAssembly (1428ms)
			LoadAssemblies (133ms)
			RebuildTransferFunctionScriptingTraits (0ms)
			SetupTypeCache (516ms)
			ReleaseScriptCaches (2ms)
			RebuildScriptCaches (144ms)
			SetupLoadedEditorAssemblies (503ms)
				LogAssemblyErrors (0ms)
				InitializePlatformSupportModulesInManaged (6ms)
				SetLoadedEditorAssemblies (0ms)
				RefreshPlugins (1ms)
				BeforeProcessingInitializeOnLoad (107ms)
				ProcessInitializeOnLoadAttributes (375ms)
				ProcessInitializeOnLoadMethodAttributes (7ms)
				AfterProcessingInitializeOnLoad (6ms)
				EditorAssembliesLoaded (0ms)
			ExecutionOrderSort2 (0ms)
			AwakeInstancesAfterBackupRestoration (14ms)
Platform modules already initialized, skipping
Refreshing native plugins compatible for Editor in 1.03 ms, found 3 plugins.
Preloading 0 native plugins for Editor in 0.00 ms.
Unloading 4964 Unused Serialized files (Serialized files now loaded: 0)
System memory in use before: 224.6 MB.
System memory in use after: 225.0 MB.

Unloading 19 unused Assets to reduce memory usage. Loaded Objects now: 5717.
Total: 5.129000 ms (FindLiveObjects: 0.945500 ms CreateObjectMapping: 0.467000 ms MarkObjects: 3.693600 ms  DeleteObjects: 0.021800 ms)

AssetImportParameters requested are different than current active one (requested -> active):
  custom:framework-win-MediaFoundation: 216162199b28c13a410421893ffa2e32 -> 
  custom:video-decoder-ogg-theora: a1e56fd34408186e4bbccfd4996cb3dc -> 
  custom:container-muxer-webm: aa71ff27fc2769a1b78a27578f13a17b -> 
  custom:container-demuxer-webm: 4f35f7cbe854078d1ac9338744f61a02 -> 
  custom:container-demuxer-ogg: 62fdf1f143b41e24485cea50d1cbac27 -> 
  custom:video-encoder-webm-vp8: eb34c28f22e8b96e1ab97ce403110664 -> 
  custom:video-decoder-webm-vp8: 9c59270c3fd7afecdb556c50c9e8de78 -> 
  custom:audio-decoder-ogg-vorbis: bf7c407c2cedff20999df2af8eb42d56 -> 
  custom:audio-encoder-webm-vorbis: bf7c407c2cedff20999df2af8eb42d56 -> 
========================================================================
Received Prepare
Registering precompiled user dll's ...
Registered in 0.042116 seconds.
Begin MonoManager ReloadAssembly
Symbol file LoadedFromMemory doesn't match image C:\temp\pirates-1\Library\PackageCache\com.unity.visualscripting@1.6.1\Editor\VisualScripting.Core\Dependencies\YamlDotNet\Unity.VisualScripting.YamlDotNet.dll
Symbol file LoadedFromMemory doesn't match image C:\temp\pirates-1\Library\PackageCache\com.unity.visualscripting@1.6.1\Editor\VisualScripting.Core\Dependencies\DotNetZip\Unity.VisualScripting.IonicZip.dll
Native extension for WindowsStandalone target not found
Refreshing native plugins compatible for Editor in 1.53 ms, found 3 plugins.
Preloading 0 native plugins for Editor in 0.00 ms.
Mono: successfully reloaded assembly
- Completed reload, in  1.918 seconds
Domain Reload Profiling:
	ReloadAssembly (1919ms)
		BeginReloadAssembly (302ms)
			ExecutionOrderSort (0ms)
			DisableScriptedObjects (21ms)
			BackupInstance (0ms)
			ReleaseScriptingObjects (0ms)
			CreateAndSetChildDomain (62ms)
		EndReloadAssembly (1526ms)
			LoadAssemblies (328ms)
			RebuildTransferFunctionScriptingTraits (2ms)
			SetupTypeCache (506ms)
			ReleaseScriptCaches (3ms)
			RebuildScriptCaches (90ms)
			SetupLoadedEditorAssemblies (543ms)
				LogAssemblyErrors (0ms)
				InitializePlatformSupportModulesInManaged (10ms)
				SetLoadedEditorAssemblies (1ms)
				RefreshPlugins (2ms)
				BeforeProcessingInitializeOnLoad (112ms)
				ProcessInitializeOnLoadAttributes (401ms)
				ProcessInitializeOnLoadMethodAttributes (11ms)
				AfterProcessingInitializeOnLoad (6ms)
				EditorAssembliesLoaded (0ms)
			ExecutionOrderSort2 (0ms)
			AwakeInstancesAfterBackupRestoration (15ms)
Platform modules already initialized, skipping
Refreshing native plugins compatible for Editor in 2.33 ms, found 3 plugins.
Preloading 0 native plugins for Editor in 0.00 ms.
Unloading 4964 Unused Serialized files (Serialized files now loaded: 0)
System memory in use before: 224.4 MB.
System memory in use after: 224.9 MB.

Unloading 19 unused Assets to reduce memory usage. Loaded Objects now: 5719.
Total: 13.713600 ms (FindLiveObjects: 1.034700 ms CreateObjectMapping: 0.399600 ms MarkObjects: 12.252100 ms  DeleteObjects: 0.025300 ms)

AssetImportParameters requested are different than current active one (requested -> active):
  custom:framework-win-MediaFoundation: 216162199b28c13a410421893ffa2e32 -> 
  custom:video-decoder-ogg-theora: a1e56fd34408186e4bbccfd4996cb3dc -> 
  custom:container-muxer-webm: aa71ff27fc2769a1b78a27578f13a17b -> 
  custom:container-demuxer-webm: 4f35f7cbe854078d1ac9338744f61a02 -> 
  custom:container-demuxer-ogg: 62fdf1f143b41e24485cea50d1cbac27 -> 
  custom:video-encoder-webm-vp8: eb34c28f22e8b96e1ab97ce403110664 -> 
  custom:video-decoder-webm-vp8: 9c59270c3fd7afecdb556c50c9e8de78 -> 
  custom:audio-decoder-ogg-vorbis: bf7c407c2cedff20999df2af8eb42d56 -> 
  custom:audio-encoder-webm-vorbis: bf7c407c2cedff20999df2af8eb42d56 -> 
========================================================================
Received Import Request.
  Time since last request: 4763.090758 seconds.
  path: Assets/player/pirateboy anim run start and running.fbx
  artifactKey: Guid(59f1a810c1c3bcb41b8423bf6e4e4582) Importer(815301076,1909f56bfc062723c751e8b465ee728b)
Start importing Assets/player/pirateboy anim run start and running.fbx using Guid(59f1a810c1c3bcb41b8423bf6e4e4582) Importer(815301076,1909f56bfc062723c751e8b465ee728b)  -> (artifact id: 'fa7dc6b3c895e381079e15bb6fbfbb21') in 0.347261 seconds 
========================================================================
Received Import Request.
  Time since last request: 261.696066 seconds.
  path: Assets/player/smiling_face.jpg
  artifactKey: Guid(502e287482e80984e818902c75cdcbbb) Importer(815301076,1909f56bfc062723c751e8b465ee728b)
Start importing Assets/player/smiling_face.jpg using Guid(502e287482e80984e818902c75cdcbbb) Importer(815301076,1909f56bfc062723c751e8b465ee728b)  -> (artifact id: 'e75d8767a294ec4364ad47d236bfb498') in 0.086184 seconds 
========================================================================
Received Import Request.
  Time since last request: 13.816531 seconds.
  path: Assets/player/smiling_face.jpg
  artifactKey: Guid(502e287482e80984e818902c75cdcbbb) Importer(815301076,1909f56bfc062723c751e8b465ee728b)
Start importing Assets/player/smiling_face.jpg using Guid(502e287482e80984e818902c75cdcbbb) Importer(815301076,1909f56bfc062723c751e8b465ee728b)  -> (artifact id: 'faaffb680ee1124f2604598ef899e2b9') in 0.093245 seconds 
========================================================================
Received Import Request.
  Time since last request: 818.915367 seconds.
  path: Assets/player/smiling_face1.png
  artifactKey: Guid(462f182ff11dfd143ae5745de31b520b) Importer(815301076,1909f56bfc062723c751e8b465ee728b)
Start importing Assets/player/smiling_face1.png using Guid(462f182ff11dfd143ae5745de31b520b) Importer(815301076,1909f56bfc062723c751e8b465ee728b)  -> (artifact id: 'd5b6567d54c873e5646c8531202952ad') in 0.517809 seconds 
========================================================================
Received Import Request.
  Time since last request: 7.154396 seconds.
  path: Assets/player/smiling_face1.png
  artifactKey: Guid(462f182ff11dfd143ae5745de31b520b) Importer(815301076,1909f56bfc062723c751e8b465ee728b)
Start importing Assets/player/smiling_face1.png using Guid(462f182ff11dfd143ae5745de31b520b) Importer(815301076,1909f56bfc062723c751e8b465ee728b)  -> (artifact id: 'a93d437ce7d424b26153e5405171b2b8') in 0.113205 seconds 
========================================================================
Received Import Request.
  Time since last request: 11.904296 seconds.
  path: Assets/player/smiling_face1.png
  artifactKey: Guid(462f182ff11dfd143ae5745de31b520b) Importer(815301076,1909f56bfc062723c751e8b465ee728b)
Start importing Assets/player/smiling_face1.png using Guid(462f182ff11dfd143ae5745de31b520b) Importer(815301076,1909f56bfc062723c751e8b465ee728b)  -> (artifact id: 'c0372a74f96bd583de2d5f54ada6bea0') in 0.123038 seconds 
========================================================================
Received Import Request.
  Time since last request: 3.524714 seconds.
  path: Assets/player
  artifactKey: Guid(76ac3bd8aa96ec74ca132f211e33c1ef) Importer(815301076,1909f56bfc062723c751e8b465ee728b)
Start importing Assets/player using Guid(76ac3bd8aa96ec74ca132f211e33c1ef) Importer(815301076,1909f56bfc062723c751e8b465ee728b)  -> (artifact id: '2365d9f83610bdc3d83885c662b63c5e') in 0.035321 seconds 
========================================================================
Received Import Request.
  Time since last request: 7.160106 seconds.
  path: Assets/player/face.mat
  artifactKey: Guid(252d910242b6cad49b83ec153264e332) Importer(815301076,1909f56bfc062723c751e8b465ee728b)
Start importing Assets/player/face.mat using Guid(252d910242b6cad49b83ec153264e332) Importer(815301076,1909f56bfc062723c751e8b465ee728b)  -> (artifact id: 'c6dd2215386e26f40e1bd1993929f5c5') in 0.206155 seconds 
========================================================================
Received Prepare
Registering precompiled user dll's ...
Registered in 0.026425 seconds.
Begin MonoManager ReloadAssembly
Symbol file LoadedFromMemory doesn't match image C:\temp\pirates-1\Library\PackageCache\com.unity.visualscripting@1.6.1\Editor\VisualScripting.Core\Dependencies\YamlDotNet\Unity.VisualScripting.YamlDotNet.dll
Symbol file LoadedFromMemory doesn't match image C:\temp\pirates-1\Library\PackageCache\com.unity.visualscripting@1.6.1\Editor\VisualScripting.Core\Dependencies\DotNetZip\Unity.VisualScripting.IonicZip.dll
Native extension for WindowsStandalone target not found
Refreshing native plugins compatible for Editor in 1.09 ms, found 3 plugins.
Preloading 0 native plugins for Editor in 0.00 ms.
Mono: successfully reloaded assembly
- Completed reload, in  3.062 seconds
Domain Reload Profiling:
	ReloadAssembly (3067ms)
		BeginReloadAssembly (997ms)
			ExecutionOrderSort (0ms)
			DisableScriptedObjects (89ms)
			BackupInstance (0ms)
			ReleaseScriptingObjects (2ms)
			CreateAndSetChildDomain (575ms)
		EndReloadAssembly (1977ms)
			LoadAssemblies (406ms)
			RebuildTransferFunctionScriptingTraits (0ms)
			SetupTypeCache (579ms)
			ReleaseScriptCaches (3ms)
			RebuildScriptCaches (102ms)
			SetupLoadedEditorAssemblies (796ms)
				LogAssemblyErrors (0ms)
				InitializePlatformSupportModulesInManaged (7ms)
				SetLoadedEditorAssemblies (1ms)
				RefreshPlugins (1ms)
				BeforeProcessingInitializeOnLoad (155ms)
				ProcessInitializeOnLoadAttributes (618ms)
				ProcessInitializeOnLoadMethodAttributes (8ms)
				AfterProcessingInitializeOnLoad (6ms)
				EditorAssembliesLoaded (0ms)
			ExecutionOrderSort2 (0ms)
			AwakeInstancesAfterBackupRestoration (26ms)
Platform modules already initialized, skipping
Refreshing native plugins compatible for Editor in 2.10 ms, found 3 plugins.
Preloading 0 native plugins for Editor in 0.00 ms.
Unloading 4966 Unused Serialized files (Serialized files now loaded: 0)
System memory in use before: 244.7 MB.
System memory in use after: 245.2 MB.

Unloading 19 unused Assets to reduce memory usage. Loaded Objects now: 5795.
Total: 5.553400 ms (FindLiveObjects: 0.833900 ms CreateObjectMapping: 0.400100 ms MarkObjects: 4.287100 ms  DeleteObjects: 0.025800 ms)

AssetImportParameters requested are different than current active one (requested -> active):
  custom:framework-win-MediaFoundation: 216162199b28c13a410421893ffa2e32 -> 
  custom:video-decoder-ogg-theora: a1e56fd34408186e4bbccfd4996cb3dc -> 
  custom:container-muxer-webm: aa71ff27fc2769a1b78a27578f13a17b -> 
  custom:container-demuxer-webm: 4f35f7cbe854078d1ac9338744f61a02 -> 
  custom:container-demuxer-ogg: 62fdf1f143b41e24485cea50d1cbac27 -> 
  custom:video-encoder-webm-vp8: eb34c28f22e8b96e1ab97ce403110664 -> 
  custom:video-decoder-webm-vp8: 9c59270c3fd7afecdb556c50c9e8de78 -> 
  custom:audio-decoder-ogg-vorbis: bf7c407c2cedff20999df2af8eb42d56 -> 
  custom:audio-encoder-webm-vorbis: bf7c407c2cedff20999df2af8eb42d56 -> 
========================================================================
Received Import Request.
  Time since last request: 316.258669 seconds.
  path: Assets/player/pirateboy anim run start and running.fbx
  artifactKey: Guid(59f1a810c1c3bcb41b8423bf6e4e4582) Importer(815301076,1909f56bfc062723c751e8b465ee728b)
Start importing Assets/player/pirateboy anim run start and running.fbx using Guid(59f1a810c1c3bcb41b8423bf6e4e4582) Importer(815301076,1909f56bfc062723c751e8b465ee728b)  -> (artifact id: '4380c41c0bce21b5b4f7baccde3cb67e') in 0.344029 seconds 
========================================================================
Received Import Request.
  Time since last request: 121.159132 seconds.
  path: Assets/player/pirateboy anim run start and running.fbx
  artifactKey: Guid(59f1a810c1c3bcb41b8423bf6e4e4582) Importer(815301076,1909f56bfc062723c751e8b465ee728b)
Start importing Assets/player/pirateboy anim run start and running.fbx using Guid(59f1a810c1c3bcb41b8423bf6e4e4582) Importer(815301076,1909f56bfc062723c751e8b465ee728b)  -> (artifact id: 'b74ca8999fe327762804fb0d4ea6a1c2') in 0.227250 seconds 
========================================================================
Received Import Request.
  Time since last request: 4349.737086 seconds.
  path: Assets/cartoon affects/Cartoon FX/Mesh/CFX_Mesh_Circular.FBX
  artifactKey: Guid(33e6621d2756c044d88f4f9de1a55e7e) Importer(815301076,1909f56bfc062723c751e8b465ee728b)
Start importing Assets/cartoon affects/Cartoon FX/Mesh/CFX_Mesh_Circular.FBX using Guid(33e6621d2756c044d88f4f9de1a55e7e) Importer(815301076,1909f56bfc062723c751e8b465ee728b)  -> (artifact id: '36a1103fae58aa0b4e48a333447e0946') in 0.678557 seconds 
========================================================================
Received Import Request.
  Time since last request: 0.001221 seconds.
  path: Assets/cartoon affects/Cartoon FX/Mesh/CFX_Mesh_CircularAngle.FBX
  artifactKey: Guid(cd0e4347930affd4f81cb4698d17c2ca) Importer(815301076,1909f56bfc062723c751e8b465ee728b)
Start importing Assets/cartoon affects/Cartoon FX/Mesh/CFX_Mesh_CircularAngle.FBX using Guid(cd0e4347930affd4f81cb4698d17c2ca) Importer(815301076,1909f56bfc062723c751e8b465ee728b)  -> (artifact id: '4b18cae6717dbb37080a7636feb18ae7') in 0.174388 seconds 
========================================================================
Received Import Request.
  Time since last request: 0.001142 seconds.
  path: Assets/cartoon affects/Cartoon FX/Mesh/CFX_Mesh_Circular2.FBX
  artifactKey: Guid(645a11d137d568d4bb4e5e97f259a333) Importer(815301076,1909f56bfc062723c751e8b465ee728b)
Start importing Assets/cartoon affects/Cartoon FX/Mesh/CFX_Mesh_Circular2.FBX using Guid(645a11d137d568d4bb4e5e97f259a333) Importer(815301076,1909f56bfc062723c751e8b465ee728b)  -> (artifact id: '0f825627602d6e250f433b775c41156e') in 0.135250 seconds 
========================================================================
Received Import Request.
  Time since last request: 4.539563 seconds.
  path: Assets/IL3DN/Graphics/Meshes/IL3DN_Plant_Grass_01.fbx
  artifactKey: Guid(ee1ab9831f94b1643895bf7b3a9d27e9) Importer(815301076,1909f56bfc062723c751e8b465ee728b)
Start importing Assets/IL3DN/Graphics/Meshes/IL3DN_Plant_Grass_01.fbx using Guid(ee1ab9831f94b1643895bf7b3a9d27e9) Importer(815301076,1909f56bfc062723c751e8b465ee728b)  -> (artifact id: 'd0228d7e322a06463b947573c9f0ab12') in 0.706967 seconds 
========================================================================
Received Import Request.
  Time since last request: 0.000466 seconds.
  path: Assets/IL3DN/Graphics/Meshes/IL3DN_Plant_Grass_02.fbx
  artifactKey: Guid(b6a1e1d012011ea44ade9de6cd00137c) Importer(815301076,1909f56bfc062723c751e8b465ee728b)
Start importing Assets/IL3DN/Graphics/Meshes/IL3DN_Plant_Grass_02.fbx using Guid(b6a1e1d012011ea44ade9de6cd00137c) Importer(815301076,1909f56bfc062723c751e8b465ee728b)  -> (artifact id: '99af23d967fcd8daf4a34e0c8c36d828') in 0.531127 seconds 
========================================================================
Received Import Request.
  Time since last request: 0.399885 seconds.
  path: Assets/IL3DN/Graphics/Meshes/IL3DN_Plant_Grass_03.fbx
  artifactKey: Guid(ec784c7b88655ec4cb66660887fc5230) Importer(815301076,1909f56bfc062723c751e8b465ee728b)
Start importing Assets/IL3DN/Graphics/Meshes/IL3DN_Plant_Grass_03.fbx using Guid(ec784c7b88655ec4cb66660887fc5230) Importer(815301076,1909f56bfc062723c751e8b465ee728b)  -> (artifact id: '8baa07f79a23dd8370562404cc9cfab1') in 0.604395 seconds 
========================================================================
Received Import Request.
  Time since last request: 0.000321 seconds.
  path: Assets/IL3DN/Graphics/Meshes/IL3DN_Tree_Pine_01_OneMesh.FBX
  artifactKey: Guid(f11e24393ee20a94b9cbfd10c2f99f4a) Importer(815301076,1909f56bfc062723c751e8b465ee728b)
Start importing Assets/IL3DN/Graphics/Meshes/IL3DN_Tree_Pine_01_OneMesh.FBX using Guid(f11e24393ee20a94b9cbfd10c2f99f4a) Importer(815301076,1909f56bfc062723c751e8b465ee728b)  -> (artifact id: '0d00833142520837f4219b3f258e1901') in 0.690145 seconds 
========================================================================
Received Import Request.
  Time since last request: 0.316487 seconds.
  path: Assets/IL3DN/Graphics/Meshes/IL3DN_Tree_Pine_03_OneMesh.FBX
  artifactKey: Guid(854c706ddb05fa4499ec86dd9ef9f690) Importer(815301076,1909f56bfc062723c751e8b465ee728b)
Start importing Assets/IL3DN/Graphics/Meshes/IL3DN_Tree_Pine_03_OneMesh.FBX using Guid(854c706ddb05fa4499ec86dd9ef9f690) Importer(815301076,1909f56bfc062723c751e8b465ee728b)  -> (artifact id: '2d22d9f0c1561e3718bb0847a76ac375') in 0.508730 seconds 
========================================================================
Received Prepare
Registering precompiled user dll's ...
Registered in 0.037658 seconds.
Begin MonoManager ReloadAssembly
Symbol file LoadedFromMemory doesn't match image C:\temp\pirates-1\Library\PackageCache\com.unity.visualscripting@1.6.1\Editor\VisualScripting.Core\Dependencies\YamlDotNet\Unity.VisualScripting.YamlDotNet.dll
Symbol file LoadedFromMemory doesn't match image C:\temp\pirates-1\Library\PackageCache\com.unity.visualscripting@1.6.1\Editor\VisualScripting.Core\Dependencies\DotNetZip\Unity.VisualScripting.IonicZip.dll
Native extension for WindowsStandalone target not found
Refreshing native plugins compatible for Editor in 1.77 ms, found 3 plugins.
Preloading 0 native plugins for Editor in 0.00 ms.
Mono: successfully reloaded assembly
- Completed reload, in  8.265 seconds
Domain Reload Profiling:
	ReloadAssembly (8281ms)
		BeginReloadAssembly (2667ms)
			ExecutionOrderSort (2ms)
			DisableScriptedObjects (237ms)
			BackupInstance (0ms)
			ReleaseScriptingObjects (1ms)
			CreateAndSetChildDomain (1619ms)
		EndReloadAssembly (5299ms)
			LoadAssemblies (825ms)
			RebuildTransferFunctionScriptingTraits (0ms)
			SetupTypeCache (1985ms)
			ReleaseScriptCaches (23ms)
			RebuildScriptCaches (364ms)
			SetupLoadedEditorAssemblies (1738ms)
				LogAssemblyErrors (0ms)
				InitializePlatformSupportModulesInManaged (29ms)
				SetLoadedEditorAssemblies (1ms)
				RefreshPlugins (2ms)
				BeforeProcessingInitializeOnLoad (299ms)
				ProcessInitializeOnLoadAttributes (1292ms)
				ProcessInitializeOnLoadMethodAttributes (21ms)
				AfterProcessingInitializeOnLoad (87ms)
				EditorAssembliesLoaded (6ms)
			ExecutionOrderSort2 (0ms)
			AwakeInstancesAfterBackupRestoration (77ms)
Platform modules already initialized, skipping
Refreshing native plugins compatible for Editor in 1.04 ms, found 3 plugins.
Preloading 0 native plugins for Editor in 0.00 ms.
Unloading 4964 Unused Serialized files (Serialized files now loaded: 0)
System memory in use before: 244.8 MB.
System memory in use after: 245.3 MB.

Unloading 20 unused Assets to reduce memory usage. Loaded Objects now: 5798.
Total: 6.319700 ms (FindLiveObjects: 0.465700 ms CreateObjectMapping: 0.455600 ms MarkObjects: 5.369500 ms  DeleteObjects: 0.027400 ms)

AssetImportParameters requested are different than current active one (requested -> active):
  custom:framework-win-MediaFoundation: 216162199b28c13a410421893ffa2e32 -> 
  custom:video-decoder-ogg-theora: a1e56fd34408186e4bbccfd4996cb3dc -> 
  custom:container-muxer-webm: aa71ff27fc2769a1b78a27578f13a17b -> 
  custom:container-demuxer-webm: 4f35f7cbe854078d1ac9338744f61a02 -> 
  custom:container-demuxer-ogg: 62fdf1f143b41e24485cea50d1cbac27 -> 
  custom:video-encoder-webm-vp8: eb34c28f22e8b96e1ab97ce403110664 -> 
  custom:video-decoder-webm-vp8: 9c59270c3fd7afecdb556c50c9e8de78 -> 
  custom:audio-decoder-ogg-vorbis: bf7c407c2cedff20999df2af8eb42d56 -> 
  custom:audio-encoder-webm-vorbis: bf7c407c2cedff20999df2af8eb42d56 -> 
========================================================================
Received Import Request.
  Time since last request: 2484.282681 seconds.
  path: Assets/environment/Materials/claer.mat
  artifactKey: Guid(2bfe46acd3cd00048915a194d661d5e3) Importer(815301076,1909f56bfc062723c751e8b465ee728b)
Start importing Assets/environment/Materials/claer.mat using Guid(2bfe46acd3cd00048915a194d661d5e3) Importer(815301076,1909f56bfc062723c751e8b465ee728b)  -> (artifact id: '527a0b05549f9d9855efb60daee321c0') in 0.306284 seconds 
========================================================================
Received Import Request.
  Time since last request: 709.831791 seconds.
  path: Assets/prefab
  artifactKey: Guid(42fc61e058e40f1468ae2ce2eae1e0f1) Importer(815301076,1909f56bfc062723c751e8b465ee728b)
Start importing Assets/prefab using Guid(42fc61e058e40f1468ae2ce2eae1e0f1) Importer(815301076,1909f56bfc062723c751e8b465ee728b)  -> (artifact id: 'b26ce78e200ac70acfbd11fb1cabb896') in 0.019406 seconds 
========================================================================
Received Prepare
Registering precompiled user dll's ...
Registered in 0.011284 seconds.
Begin MonoManager ReloadAssembly
Symbol file LoadedFromMemory doesn't match image C:\temp\pirates-1\Library\PackageCache\com.unity.visualscripting@1.6.1\Editor\VisualScripting.Core\Dependencies\YamlDotNet\Unity.VisualScripting.YamlDotNet.dll
Symbol file LoadedFromMemory doesn't match image C:\temp\pirates-1\Library\PackageCache\com.unity.visualscripting@1.6.1\Editor\VisualScripting.Core\Dependencies\DotNetZip\Unity.VisualScripting.IonicZip.dll
Native extension for WindowsStandalone target not found
Refreshing native plugins compatible for Editor in 1.02 ms, found 3 plugins.
Preloading 0 native plugins for Editor in 0.00 ms.
Mono: successfully reloaded assembly
- Completed reload, in  1.575 seconds
Domain Reload Profiling:
	ReloadAssembly (1575ms)
		BeginReloadAssembly (175ms)
			ExecutionOrderSort (0ms)
			DisableScriptedObjects (11ms)
			BackupInstance (0ms)
			ReleaseScriptingObjects (0ms)
			CreateAndSetChildDomain (48ms)
		EndReloadAssembly (1324ms)
			LoadAssemblies (138ms)
			RebuildTransferFunctionScriptingTraits (0ms)
			SetupTypeCache (484ms)
			ReleaseScriptCaches (3ms)
			RebuildScriptCaches (89ms)
			SetupLoadedEditorAssemblies (496ms)
				LogAssemblyErrors (0ms)
				InitializePlatformSupportModulesInManaged (5ms)
				SetLoadedEditorAssemblies (0ms)
				RefreshPlugins (1ms)
				BeforeProcessingInitializeOnLoad (98ms)
				ProcessInitializeOnLoadAttributes (376ms)
				ProcessInitializeOnLoadMethodAttributes (7ms)
				AfterProcessingInitializeOnLoad (7ms)
				EditorAssembliesLoaded (0ms)
			ExecutionOrderSort2 (0ms)
			AwakeInstancesAfterBackupRestoration (20ms)
Platform modules already initialized, skipping
Refreshing native plugins compatible for Editor in 1.05 ms, found 3 plugins.
Preloading 0 native plugins for Editor in 0.00 ms.
Unloading 4964 Unused Serialized files (Serialized files now loaded: 0)
System memory in use before: 244.8 MB.
System memory in use after: 245.3 MB.

Unloading 19 unused Assets to reduce memory usage. Loaded Objects now: 5801.
Total: 4.610500 ms (FindLiveObjects: 0.461100 ms CreateObjectMapping: 0.347400 ms MarkObjects: 3.778700 ms  DeleteObjects: 0.022100 ms)

AssetImportParameters requested are different than current active one (requested -> active):
  custom:framework-win-MediaFoundation: 216162199b28c13a410421893ffa2e32 -> 
  custom:video-decoder-ogg-theora: a1e56fd34408186e4bbccfd4996cb3dc -> 
  custom:container-muxer-webm: aa71ff27fc2769a1b78a27578f13a17b -> 
  custom:container-demuxer-webm: 4f35f7cbe854078d1ac9338744f61a02 -> 
  custom:container-demuxer-ogg: 62fdf1f143b41e24485cea50d1cbac27 -> 
  custom:video-encoder-webm-vp8: eb34c28f22e8b96e1ab97ce403110664 -> 
  custom:video-decoder-webm-vp8: 9c59270c3fd7afecdb556c50c9e8de78 -> 
  custom:audio-decoder-ogg-vorbis: bf7c407c2cedff20999df2af8eb42d56 -> 
  custom:audio-encoder-webm-vorbis: bf7c407c2cedff20999df2af8eb42d56 -> 
AssetImportWorkerClient::OnTransportError - code=2 error=End of file
