Using pre-set license
Built from '2021.1/staging' branch; Version is '2021.1.18f1 (25bdc3efbc2d) revision 2473411'; Using compiler version '192528614'; Build Type 'Release'
OS: 'Windows 10 Home; OS build 19043.1320; Version 2009; 64bit' Language: 'en' Physical Memory: 16221 MB
BatchMode: 1, IsHumanControllingUs: 0, StartBugReporterOnCrash: 0, Is64bit: 1, IsPro: 0

COMMAND LINE ARGUMENTS:
C:\Program Files\Unity\Hub\Editor\2021.1.18f1\Editor\Unity.exe
-adb2
-batchMode
-noUpm
-name
AssetImportWorker0
-projectPath
C:/tmp/pirates 1
-logFile
Logs/AssetImportWorker0.log
-srvPort
50211
Successfully changed project path to: C:/tmp/pirates 1
C:/tmp/pirates 1
Using Asset Import Pipeline V2.
Refreshing native plugins compatible for Editor in 84.66 ms, found 3 plugins.
Preloading 0 native plugins for Editor in 0.00 ms.
Initialize engine version: 2021.1.18f1 (25bdc3efbc2d)
[Subsystems] Discovering subsystems at path C:/Program Files/Unity/Hub/Editor/2021.1.18f1/Editor/Data/Resources/UnitySubsystems
[Subsystems] Discovering subsystems at path C:/tmp/pirates 1/Assets
GfxDevice: creating device client; threaded=0; jobified=0
Direct3D:
    Version:  Direct3D 11.0 [level 11.1]
    Renderer: NVIDIA GeForce RTX 3070 (ID=0x2488)
    Vendor:   NVIDIA
    VRAM:     8043 MB
    Driver:   30.0.14.7168
Initialize mono
Mono path[0] = 'C:/Program Files/Unity/Hub/Editor/2021.1.18f1/Editor/Data/Managed'
Mono path[1] = 'C:/Program Files/Unity/Hub/Editor/2021.1.18f1/Editor/Data/MonoBleedingEdge/lib/mono/unityjit'
Mono config path = 'C:/Program Files/Unity/Hub/Editor/2021.1.18f1/Editor/Data/MonoBleedingEdge/etc'
Using monoOptions --debugger-agent=transport=dt_socket,embedding=1,server=y,suspend=n,address=127.0.0.1:56684
Begin MonoManager ReloadAssembly
Registering precompiled unity dll's ...
Register platform support module: C:/Program Files/Unity/Hub/Editor/2021.1.18f1/Editor/Data/PlaybackEngines/WindowsStandaloneSupport/UnityEditor.WindowsStandalone.Extensions.dll
Registered in 0.001123 seconds.
Native extension for WindowsStandalone target not found
Refreshing native plugins compatible for Editor in 89.88 ms, found 3 plugins.
Preloading 0 native plugins for Editor in 0.00 ms.
Mono: successfully reloaded assembly
- Completed reload, in  0.769 seconds
Domain Reload Profiling:
	ReloadAssembly (769ms)
		BeginReloadAssembly (42ms)
			ExecutionOrderSort (0ms)
			DisableScriptedObjects (0ms)
			BackupInstance (0ms)
			ReleaseScriptingObjects (0ms)
			CreateAndSetChildDomain (0ms)
		EndReloadAssembly (340ms)
			LoadAssemblies (40ms)
			RebuildTransferFunctionScriptingTraits (0ms)
			SetupTypeCache (107ms)
			ReleaseScriptCaches (0ms)
			RebuildScriptCaches (20ms)
			SetupLoadedEditorAssemblies (181ms)
				LogAssemblyErrors (0ms)
				InitializePlatformSupportModulesInManaged (4ms)
				SetLoadedEditorAssemblies (0ms)
				RefreshPlugins (90ms)
				BeforeProcessingInitializeOnLoad (1ms)
				ProcessInitializeOnLoadAttributes (65ms)
				ProcessInitializeOnLoadMethodAttributes (20ms)
				AfterProcessingInitializeOnLoad (0ms)
				EditorAssembliesLoaded (0ms)
			ExecutionOrderSort2 (0ms)
			AwakeInstancesAfterBackupRestoration (0ms)
Platform modules already initialized, skipping
Registering precompiled user dll's ...
Registered in 0.004077 seconds.
Begin MonoManager ReloadAssembly
Symbol file LoadedFromMemory doesn't match image C:\tmp\pirates 1\Library\PackageCache\com.unity.visualscripting@1.6.1\Editor\VisualScripting.Core\Dependencies\YamlDotNet\Unity.VisualScripting.YamlDotNet.dll
Symbol file LoadedFromMemory doesn't match image C:\tmp\pirates 1\Library\PackageCache\com.unity.visualscripting@1.6.1\Editor\VisualScripting.Core\Dependencies\DotNetZip\Unity.VisualScripting.IonicZip.dll
Native extension for WindowsStandalone target not found
Refreshing native plugins compatible for Editor in 88.88 ms, found 3 plugins.
Preloading 0 native plugins for Editor in 0.00 ms.
Mono: successfully reloaded assembly
- Completed reload, in  0.984 seconds
Domain Reload Profiling:
	ReloadAssembly (984ms)
		BeginReloadAssembly (99ms)
			ExecutionOrderSort (0ms)
			DisableScriptedObjects (3ms)
			BackupInstance (0ms)
			ReleaseScriptingObjects (0ms)
			CreateAndSetChildDomain (13ms)
		EndReloadAssembly (845ms)
			LoadAssemblies (68ms)
			RebuildTransferFunctionScriptingTraits (0ms)
			SetupTypeCache (265ms)
			ReleaseScriptCaches (0ms)
			RebuildScriptCaches (60ms)
			SetupLoadedEditorAssemblies (391ms)
				LogAssemblyErrors (0ms)
				InitializePlatformSupportModulesInManaged (3ms)
				SetLoadedEditorAssemblies (0ms)
				RefreshPlugins (89ms)
				BeforeProcessingInitializeOnLoad (75ms)
				ProcessInitializeOnLoadAttributes (214ms)
				ProcessInitializeOnLoadMethodAttributes (6ms)
				AfterProcessingInitializeOnLoad (4ms)
				EditorAssembliesLoaded (0ms)
			ExecutionOrderSort2 (0ms)
			AwakeInstancesAfterBackupRestoration (5ms)
Platform modules already initialized, skipping
========================================================================
Worker process is ready to serve import requests
Launched and connected shader compiler UnityShaderCompiler.exe after 0.04 seconds
Refreshing native plugins compatible for Editor in 0.66 ms, found 3 plugins.
Preloading 0 native plugins for Editor in 0.00 ms.
Unloading 5079 Unused Serialized files (Serialized files now loaded: 0)
System memory in use before: 219.8 MB.
System memory in use after: 220.2 MB.

Unloading 23 unused Assets to reduce memory usage. Loaded Objects now: 5556.
Total: 2.585300 ms (FindLiveObjects: 0.227100 ms CreateObjectMapping: 0.132100 ms MarkObjects: 2.208800 ms  DeleteObjects: 0.016500 ms)

AssetImportParameters requested are different than current active one (requested -> active):
  custom:framework-win-MediaFoundation: 216162199b28c13a410421893ffa2e32 -> 
  custom:video-decoder-ogg-theora: a1e56fd34408186e4bbccfd4996cb3dc -> 
  custom:container-muxer-webm: aa71ff27fc2769a1b78a27578f13a17b -> 
  custom:container-demuxer-webm: 4f35f7cbe854078d1ac9338744f61a02 -> 
  custom:container-demuxer-ogg: 62fdf1f143b41e24485cea50d1cbac27 -> 
  custom:video-encoder-webm-vp8: eb34c28f22e8b96e1ab97ce403110664 -> 
  custom:video-decoder-webm-vp8: 9c59270c3fd7afecdb556c50c9e8de78 -> 
  custom:audio-decoder-ogg-vorbis: bf7c407c2cedff20999df2af8eb42d56 -> 
  custom:audio-encoder-webm-vorbis: bf7c407c2cedff20999df2af8eb42d56 -> 
========================================================================
Received Import Request.
  path: Assets/prefab/enemy.prefab
  artifactKey: Guid(66653e4f5bb0c9943a03d6d7f5f8565d) Importer(815301076,1909f56bfc062723c751e8b465ee728b)
Start importing Assets/prefab/enemy.prefab using Guid(66653e4f5bb0c9943a03d6d7f5f8565d) Importer(815301076,1909f56bfc062723c751e8b465ee728b)  -> (artifact id: '3314efd7a0f2797d95dc4d36e29fca70') in 0.143979 seconds 
========================================================================
Received Import Request.
  Time since last request: 0.000155 seconds.
  path: Assets/particle/fire.vfx
  artifactKey: Guid(7954d621c9281c54087fcddddf136ee6) Importer(815301076,1909f56bfc062723c751e8b465ee728b)
Start importing Assets/particle/fire.vfx using Guid(7954d621c9281c54087fcddddf136ee6) Importer(815301076,1909f56bfc062723c751e8b465ee728b)  -> (artifact id: 'd7bb9c2160073ee33fe3277dd7fe0e9a') in 0.013353 seconds 
========================================================================
Received Import Request.
  Time since last request: 21.034376 seconds.
  path: Assets/environment/prefabs/large rock Variant (1) Variant.prefab
  artifactKey: Guid(77f06201555fa6046887f21af7a1234a) Importer(815301076,1909f56bfc062723c751e8b465ee728b)
Start importing Assets/environment/prefabs/large rock Variant (1) Variant.prefab using Guid(77f06201555fa6046887f21af7a1234a) Importer(815301076,1909f56bfc062723c751e8b465ee728b)  -> (artifact id: 'd6975194a35a290033ecabd06f45739c') in 0.016264 seconds 
========================================================================
Received Import Request.
  Time since last request: 0.000201 seconds.
  path: Assets/environment/prefabs/tree fluffy (3) Variant.prefab
  artifactKey: Guid(729cf917ffa1b7e4d8f4ec2037df1ac3) Importer(815301076,1909f56bfc062723c751e8b465ee728b)
Start importing Assets/environment/prefabs/tree fluffy (3) Variant.prefab using Guid(729cf917ffa1b7e4d8f4ec2037df1ac3) Importer(815301076,1909f56bfc062723c751e8b465ee728b)  -> (artifact id: 'fd8af469ba25a790c46e3b9b29059b1d') in 0.043823 seconds 
========================================================================
Received Import Request.
  Time since last request: 0.000177 seconds.
  path: Assets/environment/prefabs/smallrock.fbx
  artifactKey: Guid(fbccad5f5e973be4eb7a97c468271ee3) Importer(815301076,1909f56bfc062723c751e8b465ee728b)
Start importing Assets/environment/prefabs/smallrock.fbx using Guid(fbccad5f5e973be4eb7a97c468271ee3) Importer(815301076,1909f56bfc062723c751e8b465ee728b)  -> (artifact id: '54a3e0e3afa7ef332ac8fc52ccda6a4d') in 0.044933 seconds 
========================================================================
Received Import Request.
  Time since last request: 0.000159 seconds.
  path: Assets/environment/prefabs/large rock Variant.prefab
  artifactKey: Guid(b7d1145fcf658e04989c35472c8a4256) Importer(815301076,1909f56bfc062723c751e8b465ee728b)
Start importing Assets/environment/prefabs/large rock Variant.prefab using Guid(b7d1145fcf658e04989c35472c8a4256) Importer(815301076,1909f56bfc062723c751e8b465ee728b)  -> (artifact id: '7a277423628ae6bb06db2f5104c03bce') in 0.014307 seconds 
========================================================================
Received Import Request.
  Time since last request: 0.000261 seconds.
  path: Assets/environment/prefabs/tree fluffy (1) Variant.prefab
  artifactKey: Guid(6b1edd14a6f2cb144afc0fa89bbb03f1) Importer(815301076,1909f56bfc062723c751e8b465ee728b)
Start importing Assets/environment/prefabs/tree fluffy (1) Variant.prefab using Guid(6b1edd14a6f2cb144afc0fa89bbb03f1) Importer(815301076,1909f56bfc062723c751e8b465ee728b)  -> (artifact id: '19ffb9523cf2ef87814f838113073729') in 0.023973 seconds 
========================================================================
Received Import Request.
  Time since last request: 0.000208 seconds.
  path: Assets/environment/prefabs/large rock.fbx
  artifactKey: Guid(6a10ec77d9af2e749bccff2e5145f4c8) Importer(815301076,1909f56bfc062723c751e8b465ee728b)
Start importing Assets/environment/prefabs/large rock.fbx using Guid(6a10ec77d9af2e749bccff2e5145f4c8) Importer(815301076,1909f56bfc062723c751e8b465ee728b)  -> (artifact id: '4252ad651b7137557151a3bbe3259fba') in 0.026648 seconds 
========================================================================
Received Import Request.
  Time since last request: 0.000174 seconds.
  path: Assets/environment/prefabs/piller for fire Variant.prefab
  artifactKey: Guid(4f67dfbd29ba83a49bf13caaa022d59b) Importer(815301076,1909f56bfc062723c751e8b465ee728b)
Start importing Assets/environment/prefabs/piller for fire Variant.prefab using Guid(4f67dfbd29ba83a49bf13caaa022d59b) Importer(815301076,1909f56bfc062723c751e8b465ee728b)  -> (artifact id: '26c44034ed197d4674b3f2c85a3980ac') in 0.019677 seconds 
========================================================================
Received Import Request.
  Time since last request: 0.000107 seconds.
  path: Assets/environment/prefabs/large rockarch.fbx
  artifactKey: Guid(a24ea3732226e5147b7838907599097a) Importer(815301076,1909f56bfc062723c751e8b465ee728b)
Start importing Assets/environment/prefabs/large rockarch.fbx using Guid(a24ea3732226e5147b7838907599097a) Importer(815301076,1909f56bfc062723c751e8b465ee728b)  -> (artifact id: '22bd69cfdfb45a0aaacfa40b2688d545') in 0.024254 seconds 
========================================================================
Received Import Request.
  Time since last request: 0.000142 seconds.
  path: Assets/environment/prefabs/smallrock Variant.prefab
  artifactKey: Guid(6c36eb26868f33f4bbccabf62082df88) Importer(815301076,1909f56bfc062723c751e8b465ee728b)
Start importing Assets/environment/prefabs/smallrock Variant.prefab using Guid(6c36eb26868f33f4bbccabf62082df88) Importer(815301076,1909f56bfc062723c751e8b465ee728b)  -> (artifact id: '14be1f5a69df82898cfa1444b073424a') in 0.008647 seconds 
========================================================================
Received Import Request.
  Time since last request: 0.000193 seconds.
  path: Assets/environment/prefabs/large rockarch Variant.prefab
  artifactKey: Guid(664325698cc4f65488c0f22fb15ed998) Importer(815301076,1909f56bfc062723c751e8b465ee728b)
Start importing Assets/environment/prefabs/large rockarch Variant.prefab using Guid(664325698cc4f65488c0f22fb15ed998) Importer(815301076,1909f56bfc062723c751e8b465ee728b)  -> (artifact id: 'ad5bf1212319e395245e41284ca04c06') in 0.009726 seconds 
========================================================================
Received Import Request.
  Time since last request: 0.000130 seconds.
  path: Assets/environment/prefabs/long rock.fbx
  artifactKey: Guid(8ec7db33b47dbdb4cabb2b50addfdf4b) Importer(815301076,1909f56bfc062723c751e8b465ee728b)
Start importing Assets/environment/prefabs/long rock.fbx using Guid(8ec7db33b47dbdb4cabb2b50addfdf4b) Importer(815301076,1909f56bfc062723c751e8b465ee728b)  -> (artifact id: 'aba1cb84e772a1c9785902b35574f8a3') in 0.024837 seconds 
========================================================================
Received Import Request.
  Time since last request: 0.000146 seconds.
  path: Assets/environment/prefabs/tree fluffy (4) Variant.prefab
  artifactKey: Guid(32ad1ecd9566b01498bdff00ec642346) Importer(815301076,1909f56bfc062723c751e8b465ee728b)
Start importing Assets/environment/prefabs/tree fluffy (4) Variant.prefab using Guid(32ad1ecd9566b01498bdff00ec642346) Importer(815301076,1909f56bfc062723c751e8b465ee728b)  -> (artifact id: 'e0e60cf6938edb5a39f4b2179b1b5c21') in 0.021187 seconds 
AssetImportWorkerClient::OnTransportError - code=2 error=End of file
